<?xml version="1.0" encoding="UTF-8"?>
<!-- Generated by org.testng.reporters.JUnitReportReporter -->
<testsuite hostname="DESKTOP-MILGGOO" failures="0" tests="5" name="BajajFin.tests.PractisePage" time="104.514" errors="0" timestamp="2024-02-05T11:21:15 IST" skipped="0">
  <testcase classname="BajajFin.tests.PractisePage" name="Link" time="35.931"/>
  <testcase classname="BajajFin.tests.PractisePage" name="Button" time="17.805"/>
  <testcase classname="BajajFin.tests.PractisePage" name="DropDowns" time="18.498"/>
  <testcase classname="BajajFin.tests.PractisePage" name="SwitchWindow" time="15.284"/>
  <testcase classname="BajajFin.tests.PractisePage" name="MouseHover" time="16.996"/>
</testsuite> <!-- BajajFin.tests.PractisePage -->
