<?xml version="1.0" encoding="UTF-8"?>
<!-- Generated by org.testng.reporters.JUnitReportReporter -->
<testsuite hostname="DESKTOP-MILGGOO" failures="0" tests="1" name="BajajFin.tests.Locators" time="24.136" errors="0" timestamp="2024-02-03T18:03:16 IST" skipped="0">
  <testcase classname="BajajFin.tests.Locators" name="Link" time="24.136"/>
</testsuite> <!-- BajajFin.tests.Locators -->
