<?xml version="1.0" encoding="UTF-8"?>
<!-- Generated by org.testng.reporters.JUnitReportReporter -->
<testsuite hostname="DESKTOP-MILGGOO" failures="0" tests="1" name="Bajaj.BajajFin.tests.Locators" time="20.811" errors="0" timestamp="2024-02-03T17:39:44 IST" skipped="0">
  <testcase classname="Bajaj.BajajFin.tests.Locators" name="DropDowns" time="20.811"/>
</testsuite> <!-- Bajaj.BajajFin.tests.Locators -->
